  Server.cpp
c:\users\parkminhyun\documents\selectmodelchat\selectserver\selectserver\server.cpp(148): warning C4996: 'inet_ntoa': Use inet_ntop() or InetNtop() instead or define _WINSOCK_DEPRECATED_NO_WARNINGS to disable deprecated API warnings
  c:\program files (x86)\windows kits\10\include\10.0.15063.0\um\winsock2.h(1848): note: 'inet_ntoa' 선언을 참조하십시오.
c:\users\parkminhyun\documents\selectmodelchat\selectserver\selectserver\server.cpp(176): warning C4996: 'strncpy': This function or variable may be unsafe. Consider using strncpy_s instead. To disable deprecation, use _CRT_SECURE_NO_WARNINGS. See online help for details.
  c:\program files (x86)\windows kits\10\include\10.0.15063.0\ucrt\string.h(343): note: 'strncpy' 선언을 참조하십시오.
c:\users\parkminhyun\documents\selectmodelchat\selectserver\selectserver\server.cpp(183): warning C4996: 'strtok': This function or variable may be unsafe. Consider using strtok_s instead. To disable deprecation, use _CRT_SECURE_NO_WARNINGS. See online help for details.
  c:\program files (x86)\windows kits\10\include\10.0.15063.0\ucrt\string.h(439): note: 'strtok' 선언을 참조하십시오.
c:\users\parkminhyun\documents\selectmodelchat\selectserver\selectserver\server.cpp(186): warning C4996: 'strtok': This function or variable may be unsafe. Consider using strtok_s instead. To disable deprecation, use _CRT_SECURE_NO_WARNINGS. See online help for details.
  c:\program files (x86)\windows kits\10\include\10.0.15063.0\ucrt\string.h(439): note: 'strtok' 선언을 참조하십시오.
c:\users\parkminhyun\documents\selectmodelchat\selectserver\selectserver\server.cpp(195): warning C4996: 'strcpy': This function or variable may be unsafe. Consider using strcpy_s instead. To disable deprecation, use _CRT_SECURE_NO_WARNINGS. See online help for details.
  c:\program files (x86)\windows kits\10\include\10.0.15063.0\ucrt\string.h(136): note: 'strcpy' 선언을 참조하십시오.
c:\users\parkminhyun\documents\selectmodelchat\selectserver\selectserver\server.cpp(202): warning C4996: 'strtok': This function or variable may be unsafe. Consider using strtok_s instead. To disable deprecation, use _CRT_SECURE_NO_WARNINGS. See online help for details.
  c:\program files (x86)\windows kits\10\include\10.0.15063.0\ucrt\string.h(439): note: 'strtok' 선언을 참조하십시오.
c:\users\parkminhyun\documents\selectmodelchat\selectserver\selectserver\server.cpp(205): warning C4996: 'strtok': This function or variable may be unsafe. Consider using strtok_s instead. To disable deprecation, use _CRT_SECURE_NO_WARNINGS. See online help for details.
  c:\program files (x86)\windows kits\10\include\10.0.15063.0\ucrt\string.h(439): note: 'strtok' 선언을 참조하십시오.
c:\users\parkminhyun\documents\selectmodelchat\selectserver\selectserver\server.cpp(210): warning C4996: 'sprintf': This function or variable may be unsafe. Consider using sprintf_s instead. To disable deprecation, use _CRT_SECURE_NO_WARNINGS. See online help for details.
  c:\program files (x86)\windows kits\10\include\10.0.15063.0\ucrt\stdio.h(1772): note: 'sprintf' 선언을 참조하십시오.
c:\users\parkminhyun\documents\selectmodelchat\selectserver\selectserver\server.cpp(219): warning C4996: 'sprintf': This function or variable may be unsafe. Consider using sprintf_s instead. To disable deprecation, use _CRT_SECURE_NO_WARNINGS. See online help for details.
  c:\program files (x86)\windows kits\10\include\10.0.15063.0\ucrt\stdio.h(1772): note: 'sprintf' 선언을 참조하십시오.
c:\users\parkminhyun\documents\selectmodelchat\selectserver\selectserver\server.cpp(245): warning C4996: 'sprintf': This function or variable may be unsafe. Consider using sprintf_s instead. To disable deprecation, use _CRT_SECURE_NO_WARNINGS. See online help for details.
  c:\program files (x86)\windows kits\10\include\10.0.15063.0\ucrt\stdio.h(1772): note: 'sprintf' 선언을 참조하십시오.
c:\users\parkminhyun\documents\selectmodelchat\selectserver\selectserver\server.cpp(250): warning C4996: 'sprintf': This function or variable may be unsafe. Consider using sprintf_s instead. To disable deprecation, use _CRT_SECURE_NO_WARNINGS. See online help for details.
  c:\program files (x86)\windows kits\10\include\10.0.15063.0\ucrt\stdio.h(1772): note: 'sprintf' 선언을 참조하십시오.
c:\users\parkminhyun\documents\selectmodelchat\selectserver\selectserver\server.cpp(285): warning C4244: '인수': 'time_t'에서 'unsigned int'(으)로 변환하면서 데이터가 손실될 수 있습니다.
c:\users\parkminhyun\documents\selectmodelchat\selectserver\selectserver\server.cpp(308): warning C4996: 'inet_ntoa': Use inet_ntop() or InetNtop() instead or define _WINSOCK_DEPRECATED_NO_WARNINGS to disable deprecated API warnings
  c:\program files (x86)\windows kits\10\include\10.0.15063.0\um\winsock2.h(1848): note: 'inet_ntoa' 선언을 참조하십시오.
c:\users\parkminhyun\documents\selectmodelchat\selectserver\selectserver\server.cpp(323): warning C4474: 'sprintf' : 서식 문자열에 전달된 인수가 너무 많습니다.
  c:\users\parkminhyun\documents\selectmodelchat\selectserver\selectserver\server.cpp(323): note: 자리 표시자 및 해당 매개 변수에는 variadic 인수가 0개 필요하지만 2개가 제공되었습니다.
c:\users\parkminhyun\documents\selectmodelchat\selectserver\selectserver\server.cpp(323): warning C4996: 'sprintf': This function or variable may be unsafe. Consider using sprintf_s instead. To disable deprecation, use _CRT_SECURE_NO_WARNINGS. See online help for details.
  c:\program files (x86)\windows kits\10\include\10.0.15063.0\ucrt\stdio.h(1772): note: 'sprintf' 선언을 참조하십시오.
c:\users\parkminhyun\documents\selectmodelchat\selectserver\selectserver\server.cpp(338): warning C4996: 'sprintf': This function or variable may be unsafe. Consider using sprintf_s instead. To disable deprecation, use _CRT_SECURE_NO_WARNINGS. See online help for details.
  c:\program files (x86)\windows kits\10\include\10.0.15063.0\ucrt\stdio.h(1772): note: 'sprintf' 선언을 참조하십시오.
c:\users\parkminhyun\documents\selectmodelchat\selectserver\selectserver\server.cpp(341): warning C4996: 'sprintf': This function or variable may be unsafe. Consider using sprintf_s instead. To disable deprecation, use _CRT_SECURE_NO_WARNINGS. See online help for details.
  c:\program files (x86)\windows kits\10\include\10.0.15063.0\ucrt\stdio.h(1772): note: 'sprintf' 선언을 참조하십시오.
c:\users\parkminhyun\documents\selectmodelchat\selectserver\selectserver\server.cpp(346): warning C4996: 'sprintf': This function or variable may be unsafe. Consider using sprintf_s instead. To disable deprecation, use _CRT_SECURE_NO_WARNINGS. See online help for details.
  c:\program files (x86)\windows kits\10\include\10.0.15063.0\ucrt\stdio.h(1772): note: 'sprintf' 선언을 참조하십시오.
c:\users\parkminhyun\documents\selectmodelchat\selectserver\selectserver\server.cpp(349): warning C4996: 'sprintf': This function or variable may be unsafe. Consider using sprintf_s instead. To disable deprecation, use _CRT_SECURE_NO_WARNINGS. See online help for details.
  c:\program files (x86)\windows kits\10\include\10.0.15063.0\ucrt\stdio.h(1772): note: 'sprintf' 선언을 참조하십시오.
c:\users\parkminhyun\documents\selectmodelchat\selectserver\selectserver\server.cpp(352): warning C4996: 'sprintf': This function or variable may be unsafe. Consider using sprintf_s instead. To disable deprecation, use _CRT_SECURE_NO_WARNINGS. See online help for details.
  c:\program files (x86)\windows kits\10\include\10.0.15063.0\ucrt\stdio.h(1772): note: 'sprintf' 선언을 참조하십시오.
c:\users\parkminhyun\documents\selectmodelchat\selectserver\selectserver\server.cpp(365): warning C4996: 'sprintf': This function or variable may be unsafe. Consider using sprintf_s instead. To disable deprecation, use _CRT_SECURE_NO_WARNINGS. See online help for details.
  c:\program files (x86)\windows kits\10\include\10.0.15063.0\ucrt\stdio.h(1772): note: 'sprintf' 선언을 참조하십시오.
  SelectServer.vcxproj -> C:\Users\ParkMinHyun\Documents\SelectModelChat\SelectServer\Debug\SelectServer.exe
  SelectServer.vcxproj -> C:\Users\ParkMinHyun\Documents\SelectModelChat\SelectServer\Debug\SelectServer.pdb (Partial PDB)
